c:\users\deanb\source\repos\ocv\libhdf4\debug\vc143.pdb
c:\users\deanb\source\repos\ocv\libhdf4\debug\sdlock.obj
c:\users\deanb\source\repos\ocv\libhdf4\debug\sdfileattributes.obj
c:\users\deanb\source\repos\ocv\libhdf4\debug\sddatasetattributes.obj
c:\users\deanb\source\repos\ocv\libhdf4\debug\sddataset.obj
c:\users\deanb\source\repos\ocv\libhdf4\debug\sdattributes.obj
c:\users\deanb\source\repos\ocv\libhdf4\debug\sd.obj
c:\users\deanb\source\repos\ocv\libhdf4\debug\dfnt.obj
c:\users\deanb\source\repos\ocv\libhdf4\debug\dfacc.obj
c:\users\deanb\source\repos\ocv\libhdf4\debug\assemblyinfo.obj
c:\users\deanb\source\repos\ocv\libhdf4\debug\.netframework,version=v4.7.2.assemblyattributes.obj
c:\users\deanb\source\repos\ocv\build\libhdf4.dll
c:\users\deanb\source\repos\ocv\build\libhdf4.pdb
c:\users\deanb\source\repos\ocv\libhdf4\debug\libhdf4.tlog\metagen.write.1.tlog
c:\users\deanb\source\repos\ocv\libhdf4\debug\app.res
c:\users\deanb\source\repos\ocv\libhdf4\debug\libhdf4.tlog\cl.command.1.tlog
c:\users\deanb\source\repos\ocv\libhdf4\debug\libhdf4.tlog\cl.read.1.tlog
c:\users\deanb\source\repos\ocv\libhdf4\debug\libhdf4.tlog\cl.write.1.tlog
c:\users\deanb\source\repos\ocv\libhdf4\debug\libhdf4.tlog\link.command.1.tlog
c:\users\deanb\source\repos\ocv\libhdf4\debug\libhdf4.tlog\link.read.1.tlog
c:\users\deanb\source\repos\ocv\libhdf4\debug\libhdf4.tlog\link.write.1.tlog
c:\users\deanb\source\repos\ocv\libhdf4\debug\libhdf4.tlog\metagen.read.1.tlog
c:\users\deanb\source\repos\ocv\libhdf4\debug\libhdf4.tlog\rc.command.1.tlog
c:\users\deanb\source\repos\ocv\libhdf4\debug\libhdf4.tlog\rc.read.1.tlog
c:\users\deanb\source\repos\ocv\libhdf4\debug\libhdf4.tlog\rc.write.1.tlog
c:\users\deanb\source\repos\ocv\libhdf4\debug\libhdf4.tlog\libutil.dll.metagen
